Compilazione avviata 7/10/2016 4:16:16 PM.
     1>Progetto "C:\Users\phate\Documents\Visual Studio 2010\Projects\multi_heap_code\multi_heap_code\multi_heap_code.vcxproj" sul nodo 2 (destinazioni: build).
     1>InitializeBuildStatus:
         Creazione di "Debug\multi_heap_code.unsuccessfulbuild". È stato specificato "AlwaysCreate".
       ClCompile:
         Tutti gli output sono aggiornati.
         C:\Program Files\Microsoft Visual Studio 10.0\VC\bin\CL.exe /c /I"C:\Program Files\Visual Leak Detector\include" /ZI /nologo /W3 /WX- /Od /Oy- /D WIN32 /D _DEBUG /D _CONSOLE /D _UNICODE /D UNICODE /Gm /EHsc /RTC1 /MDd /GS /fp:precise /Zc:wchar_t /Zc:forScope /Yu"StdAfx.h" /Fp"Debug\multi_heap_code.pch" /Fo"Debug\\" /Fd"Debug\vc100.pdb" /Gd /TP /analyze- /errorReport:prompt multi_heap_code.cpp
         multi_heap_code.cpp
       ManifestResourceCompile:
         Tutti gli output sono aggiornati.
       Link:
         C:\Program Files\Microsoft Visual Studio 10.0\VC\bin\link.exe /ERRORREPORT:PROMPT /OUT:"C:\Users\phate\Documents\Visual Studio 2010\Projects\multi_heap_code\Debug\multi_heap_code.exe" /INCREMENTAL /NOLOGO /LIBPATH:"C:\Program Files\Visual Leak Detector\lib\Win32" kernel32.lib user32.lib gdi32.lib winspool.lib comdlg32.lib advapi32.lib shell32.lib ole32.lib oleaut32.lib uuid.lib odbc32.lib odbccp32.lib /MANIFEST /ManifestFile:"Debug\multi_heap_code.exe.intermediate.manifest" /MANIFESTUAC:"level='asInvoker' uiAccess='false'" /DEBUG /PDB:"C:\Users\phate\Documents\Visual Studio 2010\Projects\multi_heap_code\Debug\multi_heap_code.pdb" /SUBSYSTEM:CONSOLE /TLBID:1 /DYNAMICBASE:NO /NXCOMPAT /IMPLIB:"C:\Users\phate\Documents\Visual Studio 2010\Projects\multi_heap_code\Debug\multi_heap_code.lib" /MACHINE:X86 Debug\multi_heap_code.exe.embed.manifest.res
         Debug\multi_heap_code.obj
         Debug\stdafx.obj
       Manifest:
         C:\Program Files\Microsoft SDKs\Windows\v7.0A\bin\mt.exe /nologo /verbose /out:"Debug\multi_heap_code.exe.embed.manifest" /manifest Debug\multi_heap_code.exe.intermediate.manifest
         Tutti gli output sono aggiornati.
       LinkEmbedManifest:
         Tutti gli output sono aggiornati.
         multi_heap_code.vcxproj -> C:\Users\phate\Documents\Visual Studio 2010\Projects\multi_heap_code\Debug\multi_heap_code.exe
       FinalizeBuildStatus:
         Eliminazione del file "Debug\multi_heap_code.unsuccessfulbuild" in corso.
         Aggiornamento timestamp di "Debug\multi_heap_code.lastbuildstate".
     1>Compilazione progetto "C:\Users\phate\Documents\Visual Studio 2010\Projects\multi_heap_code\multi_heap_code\multi_heap_code.vcxproj" (destinazioni: build) completata.

Compilazione completata.

Tempo trascorso 00:00:01.50
