Compilazione avviata 2/12/2016 12:13:30 PM.
Progetto "C:\Users\phate\Documents\Visual Studio 2010\Projects\handles_enumeration\handles_enumeration\handles_enumeration.vcxproj" sul nodo 2 (destinazioni: build).
InitializeBuildStatus:
  Creazione di "Debug\handles_enumeration.unsuccessfulbuild". È stato specificato "AlwaysCreate".
ClCompile:
  Tutti gli output sono aggiornati.
  C:\Program Files\Microsoft Visual Studio 10.0\VC\bin\CL.exe /c /I"C:\Program Files\Visual Leak Detector\include" /ZI /nologo /W3 /WX- /Od /Oy- /D WIN32 /D _DEBUG /D _CONSOLE /D _UNICODE /D UNICODE /Gm /EHsc /RTC1 /MDd /GS /fp:precise /Zc:wchar_t /Zc:forScope /Yu"StdAfx.h" /Fp"Debug\handles_enumeration.pch" /Fo"Debug\\" /Fd"Debug\vc100.pdb" /Gd /TP /analyze- /errorReport:prompt handles_enumeration.cpp
  handles_enumeration.cpp
ManifestResourceCompile:
  Tutti gli output sono aggiornati.
Link:
  C:\Program Files\Microsoft Visual Studio 10.0\VC\bin\link.exe /ERRORREPORT:PROMPT /OUT:"C:\Users\phate\Documents\Visual Studio 2010\Projects\handles_enumeration\Debug\handles_enumeration.exe" /INCREMENTAL /NOLOGO /LIBPATH:"C:\Program Files\Visual Leak Detector\lib\Win32" kernel32.lib user32.lib gdi32.lib winspool.lib comdlg32.lib advapi32.lib shell32.lib ole32.lib oleaut32.lib uuid.lib odbc32.lib odbccp32.lib /MANIFEST /ManifestFile:"Debug\handles_enumeration.exe.intermediate.manifest" /MANIFESTUAC:"level='asInvoker' uiAccess='false'" /DEBUG /PDB:"C:\Users\phate\Documents\Visual Studio 2010\Projects\handles_enumeration\Debug\handles_enumeration.pdb" /SUBSYSTEM:CONSOLE /TLBID:1 /DYNAMICBASE /NXCOMPAT /IMPLIB:"C:\Users\phate\Documents\Visual Studio 2010\Projects\handles_enumeration\Debug\handles_enumeration.lib" /MACHINE:X86 Debug\handles_enumeration.exe.embed.manifest.res
  Debug\handles_enumeration.obj
  Debug\stdafx.obj
Manifest:
  C:\Program Files\Microsoft SDKs\Windows\v7.0A\bin\mt.exe /nologo /verbose /out:"Debug\handles_enumeration.exe.embed.manifest" /manifest Debug\handles_enumeration.exe.intermediate.manifest
  Tutti gli output sono aggiornati.
LinkEmbedManifest:
  Tutti gli output sono aggiornati.
  handles_enumeration.vcxproj -> C:\Users\phate\Documents\Visual Studio 2010\Projects\handles_enumeration\Debug\handles_enumeration.exe
FinalizeBuildStatus:
  Eliminazione del file "Debug\handles_enumeration.unsuccessfulbuild" in corso.
  Aggiornamento timestamp di "Debug\handles_enumeration.lastbuildstate".
Compilazione progetto "C:\Users\phate\Documents\Visual Studio 2010\Projects\handles_enumeration\handles_enumeration\handles_enumeration.vcxproj" (destinazioni: build) completata.

Compilazione completata.

Tempo trascorso 00:00:03.21
