Compilazione avviata 2/10/2016 6:22:28 PM.
Progetto "c:\Users\phate\documents\visual studio 2010\Projects\AntiDebug-5\AntiDebug-5\AntiDebug-5.vcxproj" sul nodo 2 (destinazioni: build).
InitializeBuildStatus:
  Creazione di "Debug\AntiDebug-5.unsuccessfulbuild". È stato specificato "AlwaysCreate".
ClCompile:
  Tutti gli output sono aggiornati.
  C:\Program Files\Microsoft Visual Studio 10.0\VC\bin\CL.exe /c /I"C:\Program Files\Visual Leak Detector\include" /ZI /nologo /W3 /WX- /Od /Oy- /D WIN32 /D _DEBUG /D _CONSOLE /D _UNICODE /D UNICODE /Gm /EHsc /RTC1 /MDd /GS /fp:precise /Zc:wchar_t /Zc:forScope /Yu"StdAfx.h" /Fp"Debug\AntiDebug-5.pch" /Fo"Debug\\" /Fd"Debug\vc100.pdb" /Gd /TP /analyze- /errorReport:prompt "AntiDebug-5.cpp"
  AntiDebug-5.cpp
ManifestResourceCompile:
  Tutti gli output sono aggiornati.
Link:
  C:\Program Files\Microsoft Visual Studio 10.0\VC\bin\link.exe /ERRORREPORT:PROMPT /OUT:"c:\users\phate\documents\visual studio 2010\Projects\AntiDebug-5\Debug\AntiDebug-5.exe" /INCREMENTAL /NOLOGO /LIBPATH:"C:\Program Files\Visual Leak Detector\lib\Win32" kernel32.lib user32.lib gdi32.lib winspool.lib comdlg32.lib advapi32.lib shell32.lib ole32.lib oleaut32.lib uuid.lib odbc32.lib odbccp32.lib /MANIFEST /ManifestFile:"Debug\AntiDebug-5.exe.intermediate.manifest" /MANIFESTUAC:"level='asInvoker' uiAccess='false'" /DEBUG /PDB:"c:\users\phate\documents\visual studio 2010\Projects\AntiDebug-5\Debug\AntiDebug-5.pdb" /SUBSYSTEM:CONSOLE /TLBID:1 /DYNAMICBASE /NXCOMPAT /IMPLIB:"c:\users\phate\documents\visual studio 2010\Projects\AntiDebug-5\Debug\AntiDebug-5.lib" /MACHINE:X86 "Debug\AntiDebug-5.exe.embed.manifest.res"
  "Debug\AntiDebug-5.obj"
  Debug\stdafx.obj
Manifest:
  C:\Program Files\Microsoft SDKs\Windows\v7.0A\bin\mt.exe /nologo /verbose /out:"Debug\AntiDebug-5.exe.embed.manifest" /manifest "Debug\AntiDebug-5.exe.intermediate.manifest"
  Tutti gli output sono aggiornati.
LinkEmbedManifest:
  Tutti gli output sono aggiornati.
  AntiDebug-5.vcxproj -> c:\users\phate\documents\visual studio 2010\Projects\AntiDebug-5\Debug\AntiDebug-5.exe
FinalizeBuildStatus:
  Eliminazione del file "Debug\AntiDebug-5.unsuccessfulbuild" in corso.
  Aggiornamento timestamp di "Debug\AntiDebug-5.lastbuildstate".
Compilazione progetto "c:\Users\phate\documents\visual studio 2010\Projects\AntiDebug-5\AntiDebug-5\AntiDebug-5.vcxproj" (destinazioni: build) completata.

Compilazione completata.

Tempo trascorso 00:00:00.68
