Compilazione avviata 5/28/2016 5:33:31 PM.
     1>Progetto "c:\Users\phate\documents\visual studio 2010\Projects\arwin.c\arwin.c\arwin.c.vcxproj" sul nodo 2 (destinazioni: build).
     1>InitializeBuildStatus:
         Creazione di "Debug\arwin.c.unsuccessfulbuild". È stato specificato "AlwaysCreate".
       ClCompile:
         Tutti gli output sono aggiornati.
         C:\Program Files\Microsoft Visual Studio 10.0\VC\bin\CL.exe /c /I"C:\Program Files\Visual Leak Detector\include" /ZI /nologo /W3 /WX- /Od /Oy- /D WIN32 /D _DEBUG /D _CONSOLE /D _UNICODE /D UNICODE /Gm /EHsc /RTC1 /MDd /GS /fp:precise /Zc:wchar_t /Zc:forScope /Yu"StdAfx.h" /Fp"Debug\arwin.c.pch" /Fo"Debug\\" /Fd"Debug\vc100.pdb" /Gd /TP /analyze- /errorReport:prompt arwin.c.cpp
         arwin.c.cpp
       ManifestResourceCompile:
         Tutti gli output sono aggiornati.
       Link:
         C:\Program Files\Microsoft Visual Studio 10.0\VC\bin\link.exe /ERRORREPORT:PROMPT /OUT:"c:\users\phate\documents\visual studio 2010\Projects\arwin.c\Debug\arwin.c.exe" /INCREMENTAL /NOLOGO /LIBPATH:"C:\Program Files\Visual Leak Detector\lib\Win32" kernel32.lib user32.lib gdi32.lib winspool.lib comdlg32.lib advapi32.lib shell32.lib ole32.lib oleaut32.lib uuid.lib odbc32.lib odbccp32.lib /MANIFEST /ManifestFile:"Debug\arwin.c.exe.intermediate.manifest" /MANIFESTUAC:"level='asInvoker' uiAccess='false'" /DEBUG /PDB:"c:\users\phate\documents\visual studio 2010\Projects\arwin.c\Debug\arwin.c.pdb" /SUBSYSTEM:CONSOLE /TLBID:1 /DYNAMICBASE /NXCOMPAT /IMPLIB:"c:\users\phate\documents\visual studio 2010\Projects\arwin.c\Debug\arwin.c.lib" /MACHINE:X86 Debug\arwin.c.exe.embed.manifest.res
         Debug\arwin.c.obj
         Debug\stdafx.obj
       Manifest:
         C:\Program Files\Microsoft SDKs\Windows\v7.0A\bin\mt.exe /nologo /verbose /out:"Debug\arwin.c.exe.embed.manifest" /manifest Debug\arwin.c.exe.intermediate.manifest
         Tutti gli output sono aggiornati.
       LinkEmbedManifest:
         Tutti gli output sono aggiornati.
         arwin.c.vcxproj -> c:\users\phate\documents\visual studio 2010\Projects\arwin.c\Debug\arwin.c.exe
       FinalizeBuildStatus:
         Eliminazione del file "Debug\arwin.c.unsuccessfulbuild" in corso.
         Aggiornamento timestamp di "Debug\arwin.c.lastbuildstate".
     1>Compilazione progetto "c:\Users\phate\documents\visual studio 2010\Projects\arwin.c\arwin.c\arwin.c.vcxproj" (destinazioni: build) completata.

Compilazione completata.

Tempo trascorso 00:00:00.95
